[20:30:39] [ServerMain/INFO]: [bootstrap] Running Java 21 (OpenJDK 64-Bit Server VM 21.0.5+11-Ubuntu-1ubuntu120.04; Ubuntu null) on Linux 6.5.0-1025-azure (amd64)
[20:30:39] [ServerMain/INFO]: [bootstrap] Loading Paper 1.21.3-63-master@4190ee7 (2024-11-25T18:59:19Z) for Minecraft 1.21.3
[20:30:39] [ServerMain/INFO]: [PluginInitializerManager] Initializing plugins...
[20:30:41] [ServerMain/INFO]: [PluginInitializerManager] Initialized 10 plugins
[20:30:41] [ServerMain/INFO]: [PluginInitializerManager] Bukkit plugins (10):
 - AxGraves (1.17.0), DeathCoords (V1.0), DiscordSRV (1.28.0), Geyser-Spigot (2.6.0-SNAPSHOT), HoloMobHealth (2.3.12.0), ProtocolLib (5.3.0), ViaVersion (5.2.0), advancedChat (1.0.6), floodgate (2.2.3-SNAPSHOT (b114-83fbd6e)), squaremap (1.3.3)
[20:30:47] [ServerMain/INFO]: Environment: Environment[sessionHost=https://sessionserver.mojang.com, servicesHost=https://api.minecraftservices.com, name=PROD]
[20:30:50] [ServerMain/INFO]: Loaded 1337 recipes
[20:30:50] [ServerMain/INFO]: Loaded 1448 advancements
[20:30:50] [Server thread/INFO]: Starting minecraft server version 1.21.3
[20:30:50] [Server thread/INFO]: Loading properties
[20:30:50] [Server thread/INFO]: This server is running Paper version 1.21.3-63-master@4190ee7 (2024-11-25T18:59:19Z) (Implementing API version 1.21.3-R0.1-SNAPSHOT)
[20:30:52] [Server thread/INFO]: [spark] This server bundles the spark profiler. For more information please visit https://docs.papermc.io/paper/profiling
[20:30:52] [Server thread/INFO]: Server Ping Player Sample Count: 12
[20:30:52] [Server thread/INFO]: Using 4 threads for Netty based IO
[20:30:53] [Server thread/INFO]: [MoonriseCommon] Paper is using 1 worker threads, 1 I/O threads
[20:30:53] [Server thread/INFO]: [ChunkTaskScheduler] Chunk system is using population gen parallelism: true
[20:30:55] [Server thread/INFO]: Default game type: SURVIVAL
[20:30:55] [Server thread/INFO]: Generating keypair
[20:30:55] [Server thread/INFO]: Starting Minecraft server on *:25565
[20:30:55] [Server thread/INFO]: Using epoll channel type
[20:30:56] [Server thread/INFO]: Paper: Using libdeflate (Linux x86_64) compression from Velocity.
[20:30:56] [Server thread/INFO]: Paper: Using OpenSSL 1.1.x (Linux x86_64) cipher from Velocity.
[20:30:57] [Server thread/INFO]: [ViaVersion] Loading server plugin ViaVersion v5.2.0
[20:30:57] [Server thread/INFO]: [ViaVersion] ViaVersion 5.2.0 is now loaded. Registering protocol transformers and injecting...
[20:30:58] [Via-Mappingloader-0/INFO]: [ViaVersion] Loading block connection mappings ...
[20:30:59] [Via-Mappingloader-0/INFO]: [ViaVersion] Using FastUtil Long2ObjectOpenHashMap for block connections
[20:30:59] [Server thread/INFO]: [floodgate] Loading server plugin floodgate v2.2.3-SNAPSHOT (b114-83fbd6e)
[20:31:00] [Server thread/WARN]: [floodgate] en_ is not a supported Floodgate language.
[20:31:00] [Server thread/INFO]: [floodgate] Took 1,100ms to boot Floodgate
[20:31:00] [Server thread/INFO]: [ProtocolLib] Loading server plugin ProtocolLib v5.3.0
[20:31:00] [Server thread/WARN]: [ProtocolLib] Version (MC: 1.21.3) has not yet been tested! Proceed with caution.
[20:31:01] [Server thread/INFO]: [advancedChat] Loading server plugin advancedChat v1.0.6
[20:31:01] [Server thread/INFO]: [DiscordSRV] Loading server plugin DiscordSRV v1.28.0
[20:31:01] [Server thread/INFO]: [squaremap] Loading server plugin squaremap v1.3.3
[20:31:01] [Server thread/INFO]: [Geyser-Spigot] Loading server plugin Geyser-Spigot v2.6.0-SNAPSHOT
[20:31:02] [Server thread/INFO]: [Geyser-Spigot] Loading extensions...
[20:31:02] [Server thread/INFO]: [Geyser-Spigot] Loaded 0 extension(s)
[20:31:02] [Server thread/INFO]: [HoloMobHealth] Loading server plugin HoloMobHealth v2.3.12.0
[20:31:02] [Server thread/INFO]: [AxGraves] Loading server plugin AxGraves v1.17.0
[20:31:02] [Server thread/INFO]: [AxGraves] Loading library commons-math3
[20:31:02] [Server thread/INFO]: [AxGraves] Loading library caffeine
[20:31:02] [Server thread/INFO]: [DeathCoords] Loading server plugin DeathCoords vV1.0
[20:31:02] [Server thread/INFO]: Server permissions file permissions.yml is empty, ignoring it
[20:31:02] [Server thread/INFO]: [ProtocolLib] Enabling ProtocolLib v5.3.0
[20:31:02] [Server thread/INFO]: [squaremap] Enabling squaremap v1.3.3
[20:31:03] [Server thread/INFO]: [io.undertow] starting server: Undertow - 2.3.18.Final
[20:31:03] [Server thread/INFO]: [org.xnio] XNIO version 3.8.16.Final
[20:31:03] [Server thread/INFO]: [org.xnio.nio] XNIO NIO Implementation Version 3.8.16.Final
[20:31:04] [Server thread/INFO]: [org.jboss.threads] JBoss Threads version 3.5.0.Final
[20:31:04] [Server thread/INFO]: [squaremap] Internal webserver running on 0.0.0.0:8080
[20:31:04] [Server thread/WARN]: **** SERVER IS RUNNING IN OFFLINE/INSECURE MODE!
[20:31:04] [Server thread/WARN]: The server will make no attempt to authenticate usernames. Beware.
[20:31:04] [Server thread/WARN]: While this makes the game possible to play without internet access, it also opens up the ability for hackers to connect with any username they choose.
[20:31:04] [Server thread/WARN]: To change this, set "online-mode" to "true" in the server.properties file.
[20:31:04] [Server thread/INFO]: Preparing level "world"
[20:31:05] [Server thread/INFO]: Preparing start region for dimension minecraft:overworld
[20:31:05] [Paper Common Worker #0/INFO]: [MCTypeRegistry] Initialising converters for DataConverter...
[20:31:06] [Paper Common Worker #0/INFO]: [MCTypeRegistry] Finished initialising converters for DataConverter in 694.9ms
[20:31:06] [Server thread/INFO]: Preparing spawn area: 0%
[20:31:07] [Server thread/INFO]: Preparing spawn area: 0%
[20:31:07] [Server thread/INFO]: Preparing spawn area: 0%
[20:31:07] [Server thread/INFO]: Preparing spawn area: 0%
[20:31:08] [Server thread/INFO]: Preparing spawn area: 0%
[20:31:08] [Server thread/INFO]: Preparing spawn area: 0%
[20:31:08] [Server thread/INFO]: Time elapsed: 2911 ms
[20:31:08] [Server thread/INFO]: Preparing start region for dimension minecraft:the_nether
[20:31:08] [Server thread/INFO]: Preparing spawn area: 0%
[20:31:09] [Server thread/INFO]: Preparing spawn area: 30%
[20:31:09] [Server thread/INFO]: Time elapsed: 711 ms
[20:31:09] [Server thread/INFO]: Preparing start region for dimension minecraft:the_end
[20:31:09] [Server thread/INFO]: Preparing spawn area: 0%
[20:31:09] [Server thread/INFO]: Time elapsed: 332 ms
[20:31:09] [Server thread/INFO]: [ViaVersion] Enabling ViaVersion v5.2.0
[20:31:09] [Server thread/INFO]: [ViaVersion] ViaVersion detected server version: 1.21.2-1.21.3 (768)
[20:31:09] [Server thread/INFO]: [floodgate] Enabling floodgate v2.2.3-SNAPSHOT (b114-83fbd6e)
[20:31:10] [Server thread/INFO]: [advancedChat] Enabling advancedChat v1.0.6
[20:31:10] [Server thread/INFO]: [advancedChat] Successfully loaded language file: lang_en.yml
[20:31:10] [Server thread/INFO]: [advancedChat]  ▄▄▄       ▄████▄   ██░ ██  ▄▄▄     ▄▄▄█████▓
[20:31:10] [Server thread/INFO]: [advancedChat] ▒████▄    ▒██▀ ▀█  ▓██░ ██▒▒████▄   ▓  ██▒ ▓▒
[20:31:10] [Server thread/INFO]: [advancedChat] ▒██  ▀█▄  ▒▓█    ▄ ▒██▀▀██░▒██  ▀█▄ ▒ ▓██░ ▒░
[20:31:10] [Server thread/INFO]: [advancedChat] ░██▄▄▄▄██ ▒▓▓▄ ▄██▒░▓█ ░██ ░██▄▄▄▄██░ ▓██▓ ░ 
[20:31:10] [Server thread/INFO]: [advancedChat]  ▓█   ▓██▒▒ ▓███▀ ░░▓█▒░██▓ ▓█   ▓██▒ ▒██▒ ░ 
[20:31:10] [Server thread/INFO]: [advancedChat]  ▒▒   ▓▒█░░ ░▒ ▒  ░ ▒ ░░▒░▒ ▒▒   ▓▒█░ ▒ ░░   
[20:31:10] [Server thread/INFO]: [advancedChat]   ▒   ▒▒ ░  ░  ▒    ▒ ░▒░ ░  ▒   ▒▒ ░   ░    
[20:31:10] [Server thread/INFO]: [advancedChat]   ░   ▒   ░         ░  ░░ ░  ░   ▒    ░      
[20:31:10] [Server thread/INFO]: [advancedChat]       ░  ░░ ░       ░  ░  ░      ░  ░        
[20:31:10] [Server thread/INFO]: [advancedChat]           ░                                   
[20:31:10] [Server thread/INFO]: [advancedChat] ║ Plugin has been enabled!
[20:31:10] [Server thread/INFO]: [advancedChat] ║ aChat - Advanced ChatCommands Plugin | Version: 1.0.6
[20:31:10] [Server thread/INFO]: [advancedChat] ║ Author: mustiffy | Discord: https://discord.gg/pgYaVNbCTE
[20:31:10] [Server thread/INFO]: [advancedChat] 
[20:31:10] [Server thread/INFO]: [DiscordSRV] Enabling DiscordSRV v1.28.0
[20:31:10] [Server thread/INFO]: [Geyser-Spigot] Enabling Geyser-Spigot v2.6.0-SNAPSHOT
[20:31:11] [Server thread/INFO]: [HoloMobHealth] Enabling HoloMobHealth v2.3.12.0
[20:31:12] [DiscordSRV - Initialization/ERROR]: [DiscordSRV] No bot token has been set in the config; a bot token is required to connect to Discord.
[20:31:12] [pool-27-thread-1/WARN]: [DiscordSRV] 

The current build of DiscordSRV is outdated by 29 commits! Get the latest build at your favorite distribution center.

Spigot: https://www.spigotmc.org/resources/discordsrv.18494/
Github: https://github.com/DiscordSRV/DiscordSRV/releases
Direct Download: https://get.discordsrv.com

[20:31:14] [Server thread/INFO]: [HoloMobHealth] Loading languages...
[20:31:15] [Server thread/INFO]: [HoloMobHealth] Opened Sqlite database successfully
[20:31:15] [Server thread/INFO]: [HoloMobHealth] HoloMobHealth has been Enabled!
[20:31:15] [Server thread/INFO]: [AxGraves] Enabling AxGraves v1.17.0
[20:31:15] [pool-15-thread-1/WARN]: [floodgate] 
**********************************
* You specified an empty prefix in your Floodgate config for Bedrock players!
* Should a Java player join and a Bedrock player join with the same username, unwanted results and conflicts will happen!
* We strongly recommend using . as the prefix, but other alternatives that will not conflict include: +, - and *
**********************************
[20:31:17] [Server thread/INFO]: [DeathCoords] Enabling DeathCoords vV1.0
[20:31:17] [Server thread/INFO]: [spark] Starting background profiler...
[20:31:18] [Server thread/INFO]: [Geyser-Spigot] ******************************************
[20:31:18] [Server thread/INFO]: [Geyser-Spigot] 
[20:31:18] [Server thread/INFO]: [Geyser-Spigot] Loading Geyser version 2.6.0-b730 (git-master-ba5b422)
[20:31:18] [Server thread/INFO]: [Geyser-Spigot] 
[20:31:18] [Server thread/INFO]: [Geyser-Spigot] ******************************************
[20:31:26] [epollEventLoopGroup-3-2/INFO]: [Geyser-Spigot] Started Geyser on UDP port 2363
[20:31:26] [Server thread/INFO]: [Geyser-Spigot] Done (8.511s)! Run /geyser help for help!
[20:31:27] [Server thread/INFO]: Done preparing level "world" (22.806s)
[20:31:27] [Server thread/INFO]: Running delayed init tasks
[20:31:27] [ForkJoinPool.commonPool-worker-1/INFO]: [squaremap] Fetching version information...
[20:31:27] [Craft Scheduler Thread - 5 - ViaVersion/INFO]: [ViaVersion] Finished mapping loading, shutting down loader executor.
[20:31:27] [Server thread/INFO]: [DiscordSRV] Disabling DiscordSRV v1.28.0
[20:31:27] [Server thread/INFO]: Done (50.105s)! For help, type "help"
[20:31:30] [Craft Scheduler Thread - 6 - HoloMobHealth/INFO]: [HoloMobHealth] Loaded all 1 languages!
[20:34:14] [epollEventLoopGroup-4-1/INFO]: [Geyser-Spigot] Player connected with username Zunmei
[20:34:14] [localSession-7-2/INFO]: [Geyser-Spigot] Zunmei (logged in as: Zunmei) has connected to the Java server
[20:34:15] [Server thread/INFO]: [floodgate] Floodgate player logged in as Zunmei joined (UUID: 00000000-0000-0000-0009-01f5336be0ee)
[20:34:15] [Server thread/INFO]: [+] Zunmei
[20:34:16] [Server thread/INFO]: Zunmei[/127.0.0.1:0] logged in with entity id 58 at ([world]359.6878, 78.0, -217.69974)
